Start testing: Dec 08 17:53 SE Asia Standard Time
----------------------------------------------------------
1/1 Testing: TugasakhirTests
1/1 Test: TugasakhirTests
Command: "D:/SEMESTER 7 (2021 2022)/Tugas Akhir PMC 13219601/build/test/Debug/TugasakhirTests.exe"
Directory: D:/SEMESTER 7 (2021 2022)/Tugas Akhir PMC 13219601/build/test
"TugasakhirTests" start time: Dec 08 17:53 SE Asia Standard Time
Output:
----------------------------------------------------------
Running main() from D:\SEMESTER 7 (2021 2022)\Tugas Akhir PMC 13219601\googletest\googletest\src\gtest_main.cc
[==========] Running 2 tests from 2 test suites.
[----------] Global test environment set-up.
[----------] 1 test from Tugasakhir_Maxab_Test
[ RUN      ] Tugasakhir_Maxab_Test.maxab
[       OK ] Tugasakhir_Maxab_Test.maxab (0 ms)
[----------] 1 test from Tugasakhir_Maxab_Test (0 ms total)

[----------] 1 test from Tugasakhir_Tukar_Test
[ RUN      ] Tugasakhir_Tukar_Test.tukar
[       OK ] Tugasakhir_Tukar_Test.tukar (0 ms)
[----------] 1 test from Tugasakhir_Tukar_Test (0 ms total)

[----------] Global test environment tear-down
[==========] 2 tests from 2 test suites ran. (2 ms total)
[  PASSED  ] 2 tests.
<end of output>
Test time =   0.63 sec
----------------------------------------------------------
Test Passed.
"TugasakhirTests" end time: Dec 08 17:53 SE Asia Standard Time
"TugasakhirTests" time elapsed: 00:00:00
----------------------------------------------------------

End testing: Dec 08 17:53 SE Asia Standard Time
