<?xml version="1.0" encoding="UTF-8"?>
<Site BuildName="(empty)"
	BuildStamp="20211209-0152-Experimental"
	Name="(empty)"
	Generator="ctest-3.22.0"
	CompilerName=""
	CompilerVersion=""
	OSName="Windows"
	Hostname="DESKTOP-K2EVN6J"
	OSRelease=" Professional"
	OSVersion=" (Build 19043)"
	OSPlatform="AMD64"
	Is64Bits="1"
	VendorString="AuthenticAMD"
	VendorID="Advanced Micro Devices"
	FamilyID="15"
	ModelID="0"
	ProcessorCacheSize="64"
	NumberOfLogicalCPU="4"
	NumberOfPhysicalCPU="4"
	TotalVirtualMemory="12002"
	TotalPhysicalMemory="5602"
	LogicalProcessorsPerPhysical="1"
	ProcessorClockFrequency="1497"
	>
	<Testing>
		<StartDateTime>Dec 09 14:09 SE Asia Standard Time</StartDateTime>
		<StartTestTime>1639033790</StartTestTime>
		<TestList>
			<Test>./test/TugasakhirTests</Test>
		</TestList>
		<Test Status="passed">
			<Name>TugasakhirTests</Name>
			<Path>./test</Path>
			<FullName>./test/TugasakhirTests</FullName>
			<FullCommandLine>"D:\SEMESTER 7 (2021 2022)\Tugas Akhir PMC 13219601\build\test\Debug\TugasakhirTests.exe"</FullCommandLine>
			<Results>
				<NamedMeasurement type="numeric/double" name="Execution Time">
					<Value>0.833786</Value>
				</NamedMeasurement>
				<NamedMeasurement type="numeric/double" name="Processors">
					<Value>1</Value>
				</NamedMeasurement>
				<NamedMeasurement type="text/string" name="Completion Status">
					<Value>Completed</Value>
				</NamedMeasurement>
				<NamedMeasurement type="text/string" name="Command Line">
					<Value>"D:\SEMESTER 7 (2021 2022)\Tugas Akhir PMC 13219601\build\test\Debug\TugasakhirTests.exe"</Value>
				</NamedMeasurement>
				<NamedMeasurement type="text/string" name="Environment">
					<Value>#CTEST_RESOURCE_GROUP_COUNT=</Value>
				</NamedMeasurement>
				<Measurement>
					<Value encoding="base64" compression="gzip">eJydk19PgzAUxd/5FPdxPKwBNDOa+GDcYqKZGsSnsSwddFBH26V/5vz2tmA2Q4TI7gOcpr9ze8/DjQ3nlBfAMOUjHzZSMJjepG+z+ewtmcVwBaMoiEKwn8hPE1NgBXfbkkp4nd9DeBGF15MgTAshiopoovRvqWSWFk6tXHuUZd7i9lhLiH/enoBjVPN4cwBlqP0jbzE+1hIeKrHGVQMQvqdScEa4hYkem10LDhuublrPjd3Yqzk+4PUqsVfeAuL3Z6hr+TeCmJMWbOrlqR+EUQBM+QPnaFyghcaV7/3LnJgtlv0hTgjSTnaGaINDQpy8Z4R4xCwRU6Lptj9Ji0MfmGmRu3Nnpm7LkHStLmdErM2JsI36I7Y4VI+qhR27M2K3ZUjEKULIS0oC0t2KDWira1IYvTMaPu2+S8LEnuSgKM8IULt7h4yQXDVwaa2lqHLnDoPoEtZf9eZ+A9vzZ74=</Value>
				</Measurement>
			</Results>
		</Test>
		<EndDateTime>Dec 09 14:09 SE Asia Standard Time</EndDateTime>
		<EndTestTime>1639033790</EndTestTime>
		<ElapsedMinutes>0</ElapsedMinutes>
	</Testing>
</Site>
